Target Part: M1A3PE3000_PQFP208_STD
Report for cell M1Proc.rtl
  Core Cell usage:
              cell count     area count*area
              AND2    13      1.0       13.0
               AO1   173      1.0      173.0
              AO1A    82      1.0       82.0
              AO1B     1      1.0        1.0
              AO1C     3      1.0        3.0
              AO1D     2      1.0        2.0
              AOI1     5      1.0        5.0
             AOI1B     4      1.0        4.0
               AX1     2      1.0        2.0
              AX1B    27      1.0       27.0
              AXO7     1      1.0        1.0
              BUFF     1      1.0        1.0
            CLKINT     5      0.0        0.0
   CortexM1Integration     1      0.0        0.0
               GND    32      0.0        0.0
               INV     3      1.0        3.0
             MIN3X     2      1.0        2.0
               MX2   236      1.0      236.0
              MX2A     4      1.0        4.0
              MX2B    25      1.0       25.0
              MX2C    23      1.0       23.0
              NOR2    69      1.0       69.0
             NOR2A   144      1.0      144.0
             NOR2B   312      1.0      312.0
              NOR3    34      1.0       34.0
             NOR3A    66      1.0       66.0
             NOR3B    92      1.0       92.0
             NOR3C   147      1.0      147.0
               OA1    69      1.0       69.0
              OA1A    16      1.0       16.0
              OA1B     6      1.0        6.0
              OA1C    23      1.0       23.0
              OAI1     2      1.0        2.0
               OR2    89      1.0       89.0
              OR2A    40      1.0       40.0
              OR2B    15      1.0       15.0
               OR3    75      1.0       75.0
              OR3A     6      1.0        6.0
              OR3B     2      1.0        2.0
              OR3C     1      1.0        1.0
               VCC    32      0.0        0.0
               XA1     2      1.0        2.0
              XA1B     5      1.0        5.0
              XA1C     1      1.0        1.0
             XNOR2    12      1.0       12.0
               XO1     3      1.0        3.0
              XO1A     3      1.0        3.0
              XOR2    10      1.0       10.0


            DFI1C0     1      1.0        1.0
            DFI1P0     1      1.0        1.0
            DFN0C0     2      1.0        2.0
            DFN0P0     2      1.0        2.0
            DFN1C0   181      1.0      181.0
            DFN1E0    18      1.0       18.0
          DFN1E0C0    86      1.0       86.0
          DFN1E1C0   215      1.0      215.0
          DFN1E1P0    31      1.0       31.0
            DFN1P0    20      1.0       20.0
            RAM4K9    64      0.0        0.0
                   -----          ----------
             TOTAL  2542              2408.0


  IO Cell usage:
              cell count
             BIBUF     8
            CLKBUF     1
             INBUF     3
            OUTBUF    38
             UJTAG     1
                   -----
             TOTAL    51


Core Cells         : 2408 of 75264 (3%)
IO Cells           : 51

  RAM/ROM Usage Summary
Block Rams : 64 of 112 (57%)

