Your license will expire in 9 days!


Starting:    C:\Microsemi\Libero_SoC_v11.9\SynplifyPro\bin64\mbin\synbatch.exe
Install:     C:\Microsemi\Libero_SoC_v11.9\SynplifyPro
Hostname:    LAPTOP-S8H6FNH1
Date:        Wed Mar 23 21:25:23 2022
Version:     L-2016.09M-SP1-5

Arguments:   -product synplify_pro -licensetype synplifypro_actel -batch -log synplify.log ram_syn.tcl
ProductType: synplify_pro

License checkout: synplifypro_actel
License: synplifypro_actel node-locked 
Licensed Vendor: actel
License Option: actel_oem

Running in Vendor Mode


auto_infer_blackbox is not supported in current product.

log file: "C:\Users\Yash Umale\Documents\8th Sem\Final Year Project\Phase 2\Source Code\USB-SuperSpeed-Data-Acquisition\Phase 2\Technology Independent Coding Styles\Libero SoC projects\MemoryBlock\synthesis\ram.srr"

Running: synthesis in foreground



Running ram_syn|synthesis


Running: compile (Compile) on ram_syn|synthesis
# Wed Mar 23 21:25:24 2022


Running: compile_flow (Compile Process) on ram_syn|synthesis
# Wed Mar 23 21:25:24 2022


Running: compiler (Compile Input) on ram_syn|synthesis
# Wed Mar 23 21:25:24 2022

Copied C:\Users\Yash Umale\Documents\8th Sem\Final Year Project\Phase 2\Source Code\USB-SuperSpeed-Data-Acquisition\Phase 2\Technology Independent Coding Styles\Libero SoC projects\MemoryBlock\synthesis\synwork\ram_comp.srs to C:\Users\Yash Umale\Documents\8th Sem\Final Year Project\Phase 2\Source Code\USB-SuperSpeed-Data-Acquisition\Phase 2\Technology Independent Coding Styles\Libero SoC projects\MemoryBlock\synthesis\ram.srs


compiler completed
# Wed Mar 23 21:25:26 2022

Return Code: 0
Run Time:00h:00m:02s


Running: multi_srs_gen (Multi-srs Generator) on ram_syn|synthesis
# Wed Mar 23 21:25:26 2022


multi_srs_gen completed
# Wed Mar 23 21:25:27 2022

Return Code: 0
Run Time:00h:00m:01s

Copied C:\Users\Yash Umale\Documents\8th Sem\Final Year Project\Phase 2\Source Code\USB-SuperSpeed-Data-Acquisition\Phase 2\Technology Independent Coding Styles\Libero SoC projects\MemoryBlock\synthesis\synwork\ram_mult.srs to C:\Users\Yash Umale\Documents\8th Sem\Final Year Project\Phase 2\Source Code\USB-SuperSpeed-Data-Acquisition\Phase 2\Technology Independent Coding Styles\Libero SoC projects\MemoryBlock\synthesis\ram.srs

Complete: Compile Process on ram_syn|synthesis


Running: premap (Pre-mapping) on ram_syn|synthesis
# Wed Mar 23 21:25:27 2022


premap completed with warnings
# Wed Mar 23 21:25:27 2022

Return Code: 1
Run Time:00h:00m:00s

Complete: Compile on ram_syn|synthesis


Running: map (Map) on ram_syn|synthesis
# Wed Mar 23 21:25:27 2022

License granted for 4 parallel jobs


Running: fpga_mapper (Map & Optimize) on ram_syn|synthesis
# Wed Mar 23 21:25:27 2022

Copied C:\Users\Yash Umale\Documents\8th Sem\Final Year Project\Phase 2\Source Code\USB-SuperSpeed-Data-Acquisition\Phase 2\Technology Independent Coding Styles\Libero SoC projects\MemoryBlock\synthesis\synwork\ram_m.srm to C:\Users\Yash Umale\Documents\8th Sem\Final Year Project\Phase 2\Source Code\USB-SuperSpeed-Data-Acquisition\Phase 2\Technology Independent Coding Styles\Libero SoC projects\MemoryBlock\synthesis\ram.srm


fpga_mapper completed with warnings
# Wed Mar 23 21:25:29 2022

Return Code: 1
Run Time:00h:00m:02s

Complete: Map on ram_syn|synthesis

Complete: Logic Synthesis on ram_syn|synthesis

TCL script complete: "ram_syn.tcl"

exit status=0

exit status=0

License checkin: synplifypro_actel

