Your license will expire in 8 days!


Starting:    C:\Microsemi\Libero_SoC_v11.9\SynplifyPro\bin64\mbin\synbatch.exe
Install:     C:\Microsemi\Libero_SoC_v11.9\SynplifyPro
Hostname:    LAPTOP-S8H6FNH1
Date:        Thu Mar 24 15:12:40 2022
Version:     L-2016.09M-SP1-5

Arguments:   -product synplify_pro -licensetype synplifypro_actel -batch -log synplify.log bit8register_syn.tcl
ProductType: synplify_pro

License checkout: synplifypro_actel
License: synplifypro_actel node-locked 
Licensed Vendor: actel
License Option: actel_oem

Running in Vendor Mode


Implementation not found: synthesis

log file: "C:\Users\Yash Umale\Documents\8th Sem\Final Year Project\Phase 2\Source Code\USB-SuperSpeed-Data-Acquisition\Phase 2\Technology Independent Coding Styles\Libero SoC projects\Counter\synthesis\bit8register.srr"

Running: synthesis in foreground



Running bit8register_syn|synthesis


Running: compile (Compile) on bit8register_syn|synthesis
# Thu Mar 24 15:12:41 2022


Running: compile_flow (Compile Process) on bit8register_syn|synthesis
# Thu Mar 24 15:12:41 2022


Running: compiler (Compile Input) on bit8register_syn|synthesis
# Thu Mar 24 15:12:41 2022

Copied C:\Users\Yash Umale\Documents\8th Sem\Final Year Project\Phase 2\Source Code\USB-SuperSpeed-Data-Acquisition\Phase 2\Technology Independent Coding Styles\Libero SoC projects\Counter\synthesis\synwork\bit8register_comp.srs to C:\Users\Yash Umale\Documents\8th Sem\Final Year Project\Phase 2\Source Code\USB-SuperSpeed-Data-Acquisition\Phase 2\Technology Independent Coding Styles\Libero SoC projects\Counter\synthesis\bit8register.srs


compiler completed
# Thu Mar 24 15:12:44 2022

Return Code: 0
Run Time:00h:00m:03s


Running: multi_srs_gen (Multi-srs Generator) on bit8register_syn|synthesis
# Thu Mar 24 15:12:44 2022


multi_srs_gen completed
# Thu Mar 24 15:12:44 2022

Return Code: 0
Run Time:00h:00m:00s

Copied C:\Users\Yash Umale\Documents\8th Sem\Final Year Project\Phase 2\Source Code\USB-SuperSpeed-Data-Acquisition\Phase 2\Technology Independent Coding Styles\Libero SoC projects\Counter\synthesis\synwork\bit8register_mult.srs to C:\Users\Yash Umale\Documents\8th Sem\Final Year Project\Phase 2\Source Code\USB-SuperSpeed-Data-Acquisition\Phase 2\Technology Independent Coding Styles\Libero SoC projects\Counter\synthesis\bit8register.srs

Complete: Compile Process on bit8register_syn|synthesis


Running: premap (Pre-mapping) on bit8register_syn|synthesis
# Thu Mar 24 15:12:44 2022


premap completed with warnings
# Thu Mar 24 15:12:45 2022

Return Code: 1
Run Time:00h:00m:01s

Complete: Compile on bit8register_syn|synthesis


Running: map (Map) on bit8register_syn|synthesis
# Thu Mar 24 15:12:46 2022

License granted for 4 parallel jobs


Running: fpga_mapper (Map & Optimize) on bit8register_syn|synthesis
# Thu Mar 24 15:12:46 2022

Copied C:\Users\Yash Umale\Documents\8th Sem\Final Year Project\Phase 2\Source Code\USB-SuperSpeed-Data-Acquisition\Phase 2\Technology Independent Coding Styles\Libero SoC projects\Counter\synthesis\synwork\bit8register_m.srm to C:\Users\Yash Umale\Documents\8th Sem\Final Year Project\Phase 2\Source Code\USB-SuperSpeed-Data-Acquisition\Phase 2\Technology Independent Coding Styles\Libero SoC projects\Counter\synthesis\bit8register.srm


fpga_mapper completed with warnings
# Thu Mar 24 15:12:48 2022

Return Code: 1
Run Time:00h:00m:02s

Complete: Map on bit8register_syn|synthesis

Complete: Logic Synthesis on bit8register_syn|synthesis

Copied C:\Users\Yash Umale\Documents\8th Sem\Final Year Project\Phase 2\Source Code\USB-SuperSpeed-Data-Acquisition\Phase 2\Technology Independent Coding Styles\Libero SoC projects\Counter\synthesis\bit8register.srr to C:\Users\Yash Umale\Documents\8th Sem\Final Year Project\Phase 2\Source Code\USB-SuperSpeed-Data-Acquisition\Phase 2\Technology Independent Coding Styles\Libero SoC projects\Counter\synthesis\backup\bit8register.srr

TCL script complete: "bit8register_syn.tcl"

exit status=0

exit status=0

License checkin: synplifypro_actel

