Microsemi Libero Software
Version: 11.9.0.4
Release: v11.9

Info: The design gagRetTopMod.adb was last modified by software version 11.9.0.4.
Opened an existing Libero design gagRetTopMod.adb.
'BA_NAME' set to 'gagRetTopMod_ba'
'IDE_DESIGNERVIEW_NAME' set to 'Impl1'
'IDE_DESIGNERVIEW_COUNT' set to '1'
'IDE_DESIGNERVIEW_REV0' set to 'Impl1'
'IDE_DESIGNERVIEW_REVNUM0' set to '1'
'IDE_DESIGNERVIEW_ROOTDIR' set to 'G:\omsai\intern_ezusbcard\M1_ExtRam\designer'
'IDE_DESIGNERVIEW_LASTREV' set to '1'
Wrote timing report to file: gagRetTopMod_maxdelay_timing_report.txt

The Report command succeeded ( 00:00:09 )
Wrote timing report to file: gagRetTopMod_mindelay_timing_report.txt

The Report command succeeded ( 00:00:01 )
Wrote timing_violations report to file: gagRetTopMod_maxdelay_timingviolations_report.txt

The Report command succeeded ( 00:00:00 )
Wrote timing_violations report to file: gagRetTopMod_mindelay_timingviolations_report.txt

The Report command succeeded ( 00:00:00 )
Design saved to file G:\omsai\intern_ezusbcard\M1_ExtRam\designer\impl1\gagRetTopMod.adb.

The Execute Script command succeeded ( 00:00:13 )
Design closed.

