Your license will expire in 13 days!


Starting:    C:\Microsemi\Libero_SoC_v11.9\SynplifyPro\bin64\mbin\synbatch.exe
Install:     C:\Microsemi\Libero_SoC_v11.9\SynplifyPro
Hostname:    LAPTOP-S8H6FNH1
Date:        Sat Mar 19 19:07:24 2022
Version:     L-2016.09M-SP1-5

Arguments:   -product synplify_pro -licensetype synplifypro_actel -batch -log synplify.log dasync_pre_syn.tcl
ProductType: synplify_pro

License checkout: synplifypro_actel
License: synplifypro_actel node-locked 
Licensed Vendor: actel
License Option: actel_oem

Running in Vendor Mode


Implementation not found: synthesis

log file: "C:\Users\Yash Umale\Documents\8th Sem\Final Year Project\Phase 2\Source Code\USB-SuperSpeed-Data-Acquisition\Phase 2\Technology Independent Coding Styles\Libero SoC projects\DFF_AsyncPreset\synthesis\dasync_pre.srr"

Running: synthesis in foreground



Running dasync_pre_syn|synthesis


Running: compile (Compile) on dasync_pre_syn|synthesis
# Sat Mar 19 19:07:24 2022


Running: compile_flow (Compile Process) on dasync_pre_syn|synthesis
# Sat Mar 19 19:07:24 2022


Running: compiler (Compile Input) on dasync_pre_syn|synthesis
# Sat Mar 19 19:07:24 2022

Copied C:\Users\Yash Umale\Documents\8th Sem\Final Year Project\Phase 2\Source Code\USB-SuperSpeed-Data-Acquisition\Phase 2\Technology Independent Coding Styles\Libero SoC projects\DFF_AsyncPreset\synthesis\synwork\dasync_pre_comp.srs to C:\Users\Yash Umale\Documents\8th Sem\Final Year Project\Phase 2\Source Code\USB-SuperSpeed-Data-Acquisition\Phase 2\Technology Independent Coding Styles\Libero SoC projects\DFF_AsyncPreset\synthesis\dasync_pre.srs


compiler completed
# Sat Mar 19 19:07:26 2022

Return Code: 0
Run Time:00h:00m:02s


Running: multi_srs_gen (Multi-srs Generator) on dasync_pre_syn|synthesis
# Sat Mar 19 19:07:26 2022


multi_srs_gen completed
# Sat Mar 19 19:07:26 2022

Return Code: 0
Run Time:00h:00m:00s

Copied C:\Users\Yash Umale\Documents\8th Sem\Final Year Project\Phase 2\Source Code\USB-SuperSpeed-Data-Acquisition\Phase 2\Technology Independent Coding Styles\Libero SoC projects\DFF_AsyncPreset\synthesis\synwork\dasync_pre_mult.srs to C:\Users\Yash Umale\Documents\8th Sem\Final Year Project\Phase 2\Source Code\USB-SuperSpeed-Data-Acquisition\Phase 2\Technology Independent Coding Styles\Libero SoC projects\DFF_AsyncPreset\synthesis\dasync_pre.srs

Complete: Compile Process on dasync_pre_syn|synthesis


Running: premap (Pre-mapping) on dasync_pre_syn|synthesis
# Sat Mar 19 19:07:26 2022


premap completed with warnings
# Sat Mar 19 19:07:26 2022

Return Code: 1
Run Time:00h:00m:00s

Complete: Compile on dasync_pre_syn|synthesis


Running: map (Map) on dasync_pre_syn|synthesis
# Sat Mar 19 19:07:26 2022

License granted for 4 parallel jobs


Running: fpga_mapper (Map & Optimize) on dasync_pre_syn|synthesis
# Sat Mar 19 19:07:26 2022

Copied C:\Users\Yash Umale\Documents\8th Sem\Final Year Project\Phase 2\Source Code\USB-SuperSpeed-Data-Acquisition\Phase 2\Technology Independent Coding Styles\Libero SoC projects\DFF_AsyncPreset\synthesis\synwork\dasync_pre_m.srm to C:\Users\Yash Umale\Documents\8th Sem\Final Year Project\Phase 2\Source Code\USB-SuperSpeed-Data-Acquisition\Phase 2\Technology Independent Coding Styles\Libero SoC projects\DFF_AsyncPreset\synthesis\dasync_pre.srm


fpga_mapper completed with warnings
# Sat Mar 19 19:07:27 2022

Return Code: 1
Run Time:00h:00m:01s

Complete: Map on dasync_pre_syn|synthesis

Complete: Logic Synthesis on dasync_pre_syn|synthesis

Copied C:\Users\Yash Umale\Documents\8th Sem\Final Year Project\Phase 2\Source Code\USB-SuperSpeed-Data-Acquisition\Phase 2\Technology Independent Coding Styles\Libero SoC projects\DFF_AsyncPreset\synthesis\dasync_pre.srr to C:\Users\Yash Umale\Documents\8th Sem\Final Year Project\Phase 2\Source Code\USB-SuperSpeed-Data-Acquisition\Phase 2\Technology Independent Coding Styles\Libero SoC projects\DFF_AsyncPreset\synthesis\backup\dasync_pre.srr

TCL script complete: "dasync_pre_syn.tcl"

exit status=0

exit status=0

License checkin: synplifypro_actel

