17:55:34 **** Incremental Build of configuration Debug for project SyncSlaveFIFOSPI ****
cs-make all 
'Building file: ../slavefifo_spi.c'
'Invoking: Cross ARM C Compiler'
arm-none-eabi-gcc -mcpu=arm926ej-s -marm -mthumb-interwork -O0 -fmessage-length=0 -fsigned-char -ffunction-sections -fdata-sections -Wall  -g3 -D__CYU3P_TX__=1 -I"C:\Program Files (x86)\Cypress\EZ-USB FX3 SDK\1.3\/fw_lib/1_3_4/inc" -std=gnu11 -MMD -MP -MF"slavefifo_spi.d" -MT"slavefifo_spi.o" -c -o "slavefifo_spi.o" "../slavefifo_spi.c"
../slavefifo_spi.c: In function 'CyFxSpiTransfer':
../slavefifo_spi.c:168:22: warning: unused variable 'buf_p' [-Wunused-variable]
     CyU3PDmaBuffer_t buf_p;
                      ^
'Finished building: ../slavefifo_spi.c'
' '
'Building target: SyncSlaveFIFOSPI.elf'
'Invoking: Cross ARM C Linker'
arm-none-eabi-gcc -mcpu=arm926ej-s -marm -mthumb-interwork -O0 -fmessage-length=0 -fsigned-char -ffunction-sections -fdata-sections -Wall  -g3 -T "C:\Program Files (x86)\Cypress\EZ-USB FX3 SDK\1.3\/fw_build/fx3_fw/fx3.ld" -nostartfiles -Xlinker --gc-sections -L"C:\Program Files (x86)\Cypress\EZ-USB FX3 SDK\1.3\/fw_lib/1_3_4/fx3_debug" -L"C:\Program Files (x86)\Cypress\EZ-USB FX3 SDK\1.3\ARM GCC\/lib/gcc/arm-none-eabi/4.8.1" -L"C:\Program Files (x86)\Cypress\EZ-USB FX3 SDK\1.3\ARM GCC\/arm-none-eabi/lib" -Wl,-Map,"SyncSlaveFIFOSPI.map" -Wl,-d  -Wl,--no-wchar-size-warning -Wl,--entry,CyU3PFirmwareEntry -o "SyncSlaveFIFOSPI.elf"  ./cyfx_gcc_startup.o ./cyfxslfifousbdscr.o ./cyfxtx.o ./slavefifo_spi.o   -lcyu3lpp -lcyfxapi -lcyu3threadx -lc -lgcc
'Finished building target: SyncSlaveFIFOSPI.elf'
' '
cs-make --no-print-directory post-build
'Generate boot-loadable binary image'
elf2img.exe -i SyncSlaveFIFOSPI.elf -o SyncSlaveFIFOSPI.img -v
Note: 256 bytes of interrupt vector code have been removed from the image.
      Use the "-vectorload yes" option to retain this code.

Endian-ness    : Little
Entry point    : 0x4000c8ec
Program header table offset: 0x00000034
Program header count       : 3
Program header entry size  : 0x0020
Copying data from program header:
	Addr=0x00000100 Size(words)=0x0000094a FileSize=0x0000094a Offset=0x00000100 Flags=0x00000005
Copying data from program header:
	Addr=0x40003000 Size(words)=0x00004000 FileSize=0x00004000 Offset=0x00003000 Flags=0x00000005
Copying data from program header:
	Addr=0x40013000 Size(words)=0x00002c75 FileSize=0x00002c75 Offset=0x00013000 Flags=0x00000005
Copying data from program header:
	Addr=0x40030000 Size(words)=0x00000be5 FileSize=0x00000165 Offset=0x00020000 Flags=0x00000006
' '

17:55:36 Build Finished (took 2s.313ms)

